{
  "RSpec": {
    "coverage": {
      "/home/algebraic-counter-4530/tic-tac-toe-rb-online-web-sp-000/lib/tic_tac_toe.rb": [
        1,
        12,
        5,
        3,
        2,
        2,
        null,
        null,
        null,
        null,
        1,
        13,
        null,
        null,
        1,
        13,
        10,
        null,
        null,
        null,
        1,
        5,
        5,
        5,
        5,
        5,
        null,
        null,
        1,
        3,
        null,
        null,
        1,
        10,
        10,
        10,
        10,
        9,
        0,
        null,
        1,
        null,
        null,
        null,
        1,
        1,
        1,
        null,
        0,
        null,
        null,
        null,
        1,
        2,
        2,
        18,
        5,
        null,
        null,
        2,
        null,
        null,
        null,
        null,
        1,
        54,
        null,
        null,
        null,
        1,
        null,
        null,
        null,
        null,
        null,
        null,
        null,
        null,
        null,
        null,
        null,
        1,
        28,
        155,
        null,
        null,
        null,
        null,
        null,
        1,
        22,
        112,
        null,
        null,
        null,
        1,
        17,
        null,
        null,
        1,
        11,
        null,
        null,
        1,
        6,
        5,
        null,
        null,
        null
      ]
    },
    "timestamp": 1562663309
  }
}
