{
  "RSpec": {
    "coverage": {
      "/home/algebraic-counter-4530/tic-tac-toe-rb-online-web-sp-000/lib/tic_tac_toe.rb": [
        1,
        6,
        null,
        null,
        1,
        3,
        null,
        null,
        1,
        6,
        3,
        null,
        null,
        null,
        1,
        5,
        5,
        5,
        5,
        5,
        null,
        null,
        1,
        3,
        3,
        3,
        3,
        2,
        0,
        null,
        1,
        null,
        null,
        null,
        null,
        null,
        1,
        16,
        null,
        null,
        null,
        1,
        null,
        null,
        null,
        null,
        null,
        null,
        null,
        null,
        null,
        null,
        null,
        1,
        11,
        76,
        null,
        null,
        null,
        null,
        null,
        1,
        10,
        62,
        null,
        null,
        null,
        1,
        8,
        null,
        null,
        1,
        3,
        null,
        null,
        1,
        3,
        2,
        null,
        null,
        null
      ]
    },
    "timestamp": 1562660788
  }
}
